0 info it worked if it ends with ok
1 verbose cli [ '/usr/bin/node', '/usr/bin/npm', 'run', 'node_2' ]
2 info using npm@3.5.2
3 info using node@v8.10.0
4 verbose run-script [ 'prenode_2', 'node_2', 'postnode_2' ]
5 info lifecycle blockchain@1.0.0~prenode_2: blockchain@1.0.0
6 silly lifecycle blockchain@1.0.0~prenode_2: no script for prenode_2, continuing
7 info lifecycle blockchain@1.0.0~node_2: blockchain@1.0.0
8 verbose lifecycle blockchain@1.0.0~node_2: unsafe-perm in lifecycle true
9 verbose lifecycle blockchain@1.0.0~node_2: PATH: /usr/share/npm/bin/node-gyp-bin:/home/tony/work/blockchain/node_modules/.bin:/home/tony/bin:/home/tony/.local/bin:/usr/local/sbin:/usr/local/bin:/usr/sbin:/usr/bin:/sbin:/bin:/usr/games:/usr/local/games:/snap/bin:/usr/lib/jvm/java-8-oracle/bin:/usr/lib/jvm/java-8-oracle/db/bin:/usr/lib/jvm/java-8-oracle/jre/bin
10 verbose lifecycle blockchain@1.0.0~node_2: CWD: /home/tony/work/blockchain
11 silly lifecycle blockchain@1.0.0~node_2: Args: [ '-c', 'node networkNode.js 3002 http://localhost:3002' ]
12 silly lifecycle blockchain@1.0.0~node_2: Returned: code: 1  signal: null
13 info lifecycle blockchain@1.0.0~node_2: Failed to exec node_2 script
14 verbose stack Error: blockchain@1.0.0 node_2: `node networkNode.js 3002 http://localhost:3002`
14 verbose stack Exit status 1
14 verbose stack     at EventEmitter.<anonymous> (/usr/share/npm/lib/utils/lifecycle.js:232:16)
14 verbose stack     at emitTwo (events.js:126:13)
14 verbose stack     at EventEmitter.emit (events.js:214:7)
14 verbose stack     at ChildProcess.<anonymous> (/usr/share/npm/lib/utils/spawn.js:24:14)
14 verbose stack     at emitTwo (events.js:126:13)
14 verbose stack     at ChildProcess.emit (events.js:214:7)
14 verbose stack     at maybeClose (internal/child_process.js:925:16)
14 verbose stack     at Process.ChildProcess._handle.onexit (internal/child_process.js:209:5)
15 verbose pkgid blockchain@1.0.0
16 verbose cwd /home/tony/work/blockchain
17 error Linux 4.15.0-34-generic
18 error argv "/usr/bin/node" "/usr/bin/npm" "run" "node_2"
19 error node v8.10.0
20 error npm  v3.5.2
21 error code ELIFECYCLE
22 error blockchain@1.0.0 node_2: `node networkNode.js 3002 http://localhost:3002`
22 error Exit status 1
23 error Failed at the blockchain@1.0.0 node_2 script 'node networkNode.js 3002 http://localhost:3002'.
23 error Make sure you have the latest version of node.js and npm installed.
23 error If you do, this is most likely a problem with the blockchain package,
23 error not with npm itself.
23 error Tell the author that this fails on your system:
23 error     node networkNode.js 3002 http://localhost:3002
23 error You can get information on how to open an issue for this project with:
23 error     npm bugs blockchain
23 error Or if that isn't available, you can get their info via:
23 error     npm owner ls blockchain
23 error There is likely additional logging output above.
24 verbose exit [ 1, true ]
